<?xml version="1.0" encoding="UTF-8"?>
<testsuite name="org.lenskit.mooc.cbf.ThresholdUserProfileBuilderTest" tests="4" skipped="0" failures="0" errors="0" timestamp="2018-01-31T03:43:13" hostname="phyan-e7450" time="0.078">
  <properties/>
  <testcase name="testEmptyModel" classname="org.lenskit.mooc.cbf.ThresholdUserProfileBuilderTest" time="0.023"/>
  <testcase name="testTwoItemVector" classname="org.lenskit.mooc.cbf.ThresholdUserProfileBuilderTest" time="0.029"/>
  <testcase name="testSingleItemVector" classname="org.lenskit.mooc.cbf.ThresholdUserProfileBuilderTest" time="0.009"/>
  <testcase name="testOneItemVectorBecauseThreshold" classname="org.lenskit.mooc.cbf.ThresholdUserProfileBuilderTest" time="0.013"/>
  <system-out><![CDATA[11:43:13.432 [Test worker] INFO  o.l.data.dao.file.StaticDataSource - deriving entity type EntityType[item] from EntityType[item-tag] (column TypedName[item: long])
11:43:13.433 [Test worker] INFO  o.l.data.dao.file.StaticDataSource - deriving entity type EntityType[user] from EntityType[item-tag] (column TypedName[user: long])
11:43:13.433 [Test worker] INFO  o.l.data.dao.file.StaticDataSource - deriving entity type EntityType[item] from EntityType[item-tag] (column TypedName[item: long])
11:43:13.433 [Test worker] DEBUG o.l.d.e.EntityCollectionBuilder - built collection of 3 entities with type EntityType[item] and 2 indexes
11:43:13.433 [Test worker] DEBUG o.l.d.e.EntityCollectionBuilder - built collection of 4 entities with type EntityType[item-tag] and 2 indexes
11:43:13.433 [Test worker] DEBUG o.l.d.e.EntityCollectionBuilder - built collection of 0 entities with type EntityType[user] and 2 indexes
11:43:13.434 [Test worker] INFO  o.l.mooc.cbf.TFIDFModelProvider - Building TF-IDF model
11:43:13.434 [Test worker] INFO  o.l.mooc.cbf.TFIDFModelProvider - Computed TF vectors for 3 items
11:43:13.434 [Test worker] INFO  o.l.mooc.cbf.TFIDFModelProvider - Computed TFIDF vectors for TF 1.0 IDF 0.4054651081081645
11:43:13.435 [Test worker] INFO  o.l.mooc.cbf.TFIDFModelProvider - Computed TFIDF vectors for TF 1.0 IDF 0.4054651081081645
11:43:13.435 [Test worker] INFO  o.l.mooc.cbf.TFIDFModelProvider - Computed TFIDF vectors for TF 1.0 IDF 1.0986122886681098
11:43:13.435 [Test worker] INFO  o.l.mooc.cbf.TFIDFModelProvider - Computed TFIDF vectors for TF 1.0 IDF 1.0986122886681098
11:43:13.451 [Test worker] INFO  o.l.data.dao.file.StaticDataSource - deriving entity type EntityType[item] from EntityType[item-tag] (column TypedName[item: long])
11:43:13.451 [Test worker] INFO  o.l.data.dao.file.StaticDataSource - deriving entity type EntityType[user] from EntityType[item-tag] (column TypedName[user: long])
11:43:13.451 [Test worker] INFO  o.l.data.dao.file.StaticDataSource - deriving entity type EntityType[item] from EntityType[item-tag] (column TypedName[item: long])
11:43:13.452 [Test worker] DEBUG o.l.d.e.EntityCollectionBuilder - built collection of 3 entities with type EntityType[item] and 2 indexes
11:43:13.452 [Test worker] DEBUG o.l.d.e.EntityCollectionBuilder - built collection of 4 entities with type EntityType[item-tag] and 2 indexes
11:43:13.452 [Test worker] DEBUG o.l.d.e.EntityCollectionBuilder - built collection of 0 entities with type EntityType[user] and 2 indexes
11:43:13.452 [Test worker] INFO  o.l.mooc.cbf.TFIDFModelProvider - Building TF-IDF model
11:43:13.452 [Test worker] INFO  o.l.mooc.cbf.TFIDFModelProvider - Computed TF vectors for 3 items
11:43:13.452 [Test worker] INFO  o.l.mooc.cbf.TFIDFModelProvider - Computed TFIDF vectors for TF 1.0 IDF 0.4054651081081645
11:43:13.452 [Test worker] INFO  o.l.mooc.cbf.TFIDFModelProvider - Computed TFIDF vectors for TF 1.0 IDF 0.4054651081081645
11:43:13.453 [Test worker] INFO  o.l.mooc.cbf.TFIDFModelProvider - Computed TFIDF vectors for TF 1.0 IDF 1.0986122886681098
11:43:13.453 [Test worker] INFO  o.l.mooc.cbf.TFIDFModelProvider - Computed TFIDF vectors for TF 1.0 IDF 1.0986122886681098
11:43:13.464 [Test worker] INFO  o.l.mooc.cbf.TFIDFModelProvider - Scanning item 1 vector {walrus=1.0}
11:43:13.472 [Test worker] INFO  o.l.mooc.cbf.TFIDFModelProvider - Scanning item 2 vector {walrus=0.34624155305796145, hamster=0.9381453975456102}
11:43:13.483 [Test worker] INFO  o.l.data.dao.file.StaticDataSource - deriving entity type EntityType[item] from EntityType[item-tag] (column TypedName[item: long])
11:43:13.484 [Test worker] INFO  o.l.data.dao.file.StaticDataSource - deriving entity type EntityType[user] from EntityType[item-tag] (column TypedName[user: long])
11:43:13.484 [Test worker] INFO  o.l.data.dao.file.StaticDataSource - deriving entity type EntityType[item] from EntityType[item-tag] (column TypedName[item: long])
11:43:13.484 [Test worker] DEBUG o.l.d.e.EntityCollectionBuilder - built collection of 3 entities with type EntityType[item] and 2 indexes
11:43:13.484 [Test worker] DEBUG o.l.d.e.EntityCollectionBuilder - built collection of 4 entities with type EntityType[item-tag] and 2 indexes
11:43:13.484 [Test worker] DEBUG o.l.d.e.EntityCollectionBuilder - built collection of 0 entities with type EntityType[user] and 2 indexes
11:43:13.485 [Test worker] INFO  o.l.mooc.cbf.TFIDFModelProvider - Building TF-IDF model
11:43:13.485 [Test worker] INFO  o.l.mooc.cbf.TFIDFModelProvider - Computed TF vectors for 3 items
11:43:13.485 [Test worker] INFO  o.l.mooc.cbf.TFIDFModelProvider - Computed TFIDF vectors for TF 1.0 IDF 0.4054651081081645
11:43:13.485 [Test worker] INFO  o.l.mooc.cbf.TFIDFModelProvider - Computed TFIDF vectors for TF 1.0 IDF 0.4054651081081645
11:43:13.485 [Test worker] INFO  o.l.mooc.cbf.TFIDFModelProvider - Computed TFIDF vectors for TF 1.0 IDF 1.0986122886681098
11:43:13.486 [Test worker] INFO  o.l.mooc.cbf.TFIDFModelProvider - Computed TFIDF vectors for TF 1.0 IDF 1.0986122886681098
11:43:13.486 [Test worker] INFO  o.l.mooc.cbf.TFIDFModelProvider - Scanning item 1 vector {walrus=1.0}
11:43:13.498 [Test worker] INFO  o.l.data.dao.file.StaticDataSource - deriving entity type EntityType[item] from EntityType[item-tag] (column TypedName[item: long])
11:43:13.498 [Test worker] INFO  o.l.data.dao.file.StaticDataSource - deriving entity type EntityType[user] from EntityType[item-tag] (column TypedName[user: long])
11:43:13.498 [Test worker] INFO  o.l.data.dao.file.StaticDataSource - deriving entity type EntityType[item] from EntityType[item-tag] (column TypedName[item: long])
11:43:13.498 [Test worker] DEBUG o.l.d.e.EntityCollectionBuilder - built collection of 3 entities with type EntityType[item] and 2 indexes
11:43:13.499 [Test worker] DEBUG o.l.d.e.EntityCollectionBuilder - built collection of 4 entities with type EntityType[item-tag] and 2 indexes
11:43:13.499 [Test worker] DEBUG o.l.d.e.EntityCollectionBuilder - built collection of 0 entities with type EntityType[user] and 2 indexes
11:43:13.499 [Test worker] INFO  o.l.mooc.cbf.TFIDFModelProvider - Building TF-IDF model
11:43:13.499 [Test worker] INFO  o.l.mooc.cbf.TFIDFModelProvider - Computed TF vectors for 3 items
11:43:13.499 [Test worker] INFO  o.l.mooc.cbf.TFIDFModelProvider - Computed TFIDF vectors for TF 1.0 IDF 0.4054651081081645
11:43:13.500 [Test worker] INFO  o.l.mooc.cbf.TFIDFModelProvider - Computed TFIDF vectors for TF 1.0 IDF 0.4054651081081645
11:43:13.500 [Test worker] INFO  o.l.mooc.cbf.TFIDFModelProvider - Computed TFIDF vectors for TF 1.0 IDF 1.0986122886681098
11:43:13.500 [Test worker] INFO  o.l.mooc.cbf.TFIDFModelProvider - Computed TFIDF vectors for TF 1.0 IDF 1.0986122886681098
11:43:13.500 [Test worker] INFO  o.l.mooc.cbf.TFIDFModelProvider - Scanning item 1 vector {walrus=1.0}
]]></system-out>
  <system-err><![CDATA[]]></system-err>
</testsuite>
